2025-01-12 01:14:40,601 - TestXperbotlogin - INFO - Test Started
2025-01-12 01:14:40,601 - TestXperbotlogin - INFO - Sent Driver
2025-01-12 01:14:40,625 - Xpertbbotlogin - INFO - Location email
2025-01-12 01:14:41,847 - Xpertbbotlogin - INFO - Sent username
2025-01-12 01:14:55,790 - TestXperbotlogin - INFO - Sent Data
2025-01-12 01:14:55,817 - TestXperbotlogin - INFO - Test Started
2025-01-12 01:14:55,817 - TestXperbotlogin - INFO - Sent Driver
2025-01-12 01:14:55,834 - Xpertbbotlogin - INFO - Location email
2025-01-12 01:14:55,834 - Xpertbbotlogin - INFO - Location email
2025-01-12 01:14:56,459 - Xpertbbotlogin - INFO - Sent username
2025-01-12 01:14:56,459 - Xpertbbotlogin - INFO - Sent username
2025-01-12 01:15:45,616 - TestXperbotlogin - INFO - Test Started
2025-01-12 01:15:45,617 - TestXperbotlogin - INFO - Sent Driver
2025-01-12 01:15:45,627 - Xpertbbotlogin - INFO - Location email
2025-01-12 01:15:46,784 - Xpertbbotlogin - INFO - Sent username
2025-01-12 01:16:00,607 - TestXperbotlogin - INFO - Sent Data
2025-01-12 01:16:00,618 - TestXperbotlogin - INFO - Test Started
2025-01-12 01:16:00,618 - TestXperbotlogin - INFO - Sent Driver
2025-01-12 01:16:00,629 - Xpertbbotlogin - INFO - Location email
2025-01-12 01:16:00,629 - Xpertbbotlogin - INFO - Location email
2025-01-12 01:16:01,123 - Xpertbbotlogin - INFO - Sent username
2025-01-12 01:16:01,123 - Xpertbbotlogin - INFO - Sent username
2025-01-12 01:20:13,358 - TestXperbotlogin - INFO - Test Started
2025-01-12 01:20:13,360 - TestXperbotlogin - INFO - Sent Driver
2025-01-12 01:20:13,372 - Xpertbbotlogin - INFO - Location email
2025-01-12 01:20:14,601 - Xpertbbotlogin - INFO - Sent username
2025-01-12 01:20:29,147 - TestXperbotlogin - INFO - Sent Data
2025-01-12 01:21:55,655 - TestXperbotlogin - INFO - Test Started
2025-01-12 01:21:55,656 - TestXperbotlogin - INFO - Sent Driver
2025-01-12 01:21:55,670 - Xpertbbotlogin - INFO - Location email
2025-01-12 01:21:57,086 - Xpertbbotlogin - INFO - Sent username
2025-01-12 01:22:21,862 - TestXperbotlogin - INFO - Sent Data
2025-01-12 01:22:21,882 - TestXperbotlogin - INFO - Test Started
2025-01-12 01:22:21,882 - TestXperbotlogin - INFO - Sent Driver
2025-01-12 01:22:21,899 - Xpertbbotlogin - INFO - Location email
2025-01-12 01:22:21,899 - Xpertbbotlogin - INFO - Location email
2025-01-12 01:22:22,464 - Xpertbbotlogin - INFO - Sent username
2025-01-12 01:22:22,464 - Xpertbbotlogin - INFO - Sent username
2025-01-12 01:22:27,187 - TestXperbotlogin - INFO - Test Started
2025-01-12 01:22:27,188 - TestXperbotlogin - INFO - Sent Driver
2025-01-12 01:22:27,203 - Xpertbbotlogin - INFO - Location email
2025-01-12 01:22:27,203 - Xpertbbotlogin - INFO - Location email
2025-01-12 01:22:27,203 - Xpertbbotlogin - INFO - Location email
2025-01-12 01:22:28,121 - Xpertbbotlogin - INFO - Sent username
2025-01-12 01:22:28,121 - Xpertbbotlogin - INFO - Sent username
2025-01-12 01:22:28,121 - Xpertbbotlogin - INFO - Sent username
